<?xml version="1.0" encoding="UTF-8"?>
<testsuite xmlns:xsi="http://www.w3.org/2001/XMLSchema-instance" xsi:noNamespaceSchemaLocation="https://maven.apache.org/surefire/maven-surefire-plugin/xsd/surefire-test-report.xsd" name="TestRunner" time="14.54" tests="2" errors="0" skipped="0" failures="0">
  <properties>
[...]
</properties>
  <testcase name="Create a git repository for authenticated user" classname="Testing git repository APIs" time="4.726"/>
  <testcase name="Create a git repository for authenticated user, create 2 Issues and close the issues" classname="Testing git repository APIs" time="9.173"/>
</testsuite>